[debug] [2020-08-21T07:48:32.009Z] ----------------------------------------------------------------------
[debug] [2020-08-21T07:48:32.010Z] Command:       /Users/vicky/.nvm/versions/node/v12.18.2/bin/node /Users/vicky/.nvm/versions/node/v12.18.2/bin/firebase init
[debug] [2020-08-21T07:48:32.011Z] CLI Version:   8.8.1
[debug] [2020-08-21T07:48:32.011Z] Platform:      darwin
[debug] [2020-08-21T07:48:32.011Z] Node Version:  v12.18.2
[debug] [2020-08-21T07:48:32.013Z] Time:          Fri Aug 21 2020 09:48:32 GMT+0200 (GMT+02:00)
[debug] [2020-08-21T07:48:32.013Z] ----------------------------------------------------------------------
[debug] [2020-08-21T07:48:32.013Z] 
[debug] [2020-08-21T07:48:32.021Z] > command requires scopes: ["email","openid","https://www.googleapis.com/auth/cloudplatformprojects.readonly","https://www.googleapis.com/auth/firebase","https://www.googleapis.com/auth/cloud-platform"]
[debug] [2020-08-21T07:48:32.022Z] > authorizing via signed-in user
[info] 
     ######## #### ########  ######## ########     ###     ######  ########
     ##        ##  ##     ## ##       ##     ##  ##   ##  ##       ##
     ######    ##  ########  ######   ########  #########  ######  ######
     ##        ##  ##    ##  ##       ##     ## ##     ##       ## ##
     ##       #### ##     ## ######## ########  ##     ##  ######  ########

You're about to initialize a Firebase project in this directory:

  /Users/vicky/Documents/Ironhack/Project 3/FaceForPaws/auth-client-boilerplate

[debug] [2020-08-21T07:54:56.319Z] Error: write EIO
    at afterWriteDispatched (internal/stream_base_commons.js:154:25)
    at writeGeneric (internal/stream_base_commons.js:145:3)
    at WriteStream.Socket._writeGeneric (net.js:786:11)
    at WriteStream.Socket._write (net.js:798:8)
    at doWrite (_stream_writable.js:403:12)
    at writeOrBuffer (_stream_writable.js:387:5)
    at WriteStream.Writable.write (_stream_writable.js:318:11)
    at EventEmitter.signalExit.alwaysLast (/Users/vicky/.nvm/versions/node/v12.18.2/lib/node_modules/firebase-tools/node_modules/restore-cursor/index.js:7:18)
    at EventEmitter.emit (events.js:315:20)
    at EventEmitter.emit (domain.js:482:12)
    at emit (/Users/vicky/.nvm/versions/node/v12.18.2/lib/node_modules/firebase-tools/node_modules/signal-exit/index.js:78:11)
    at process.listener (/Users/vicky/.nvm/versions/node/v12.18.2/lib/node_modules/firebase-tools/node_modules/signal-exit/index.js:94:7)
    at process.emit (events.js:315:20)
